mobile/build/app/intermediates/manifest_merge_blame_file/release/processReleaseMainManifest/manifest-merger-blame-release-report.txt
1<?xml version="1.0" encoding="utf-8"?>
2<manifest xmlns:android="http://schemas.android.com/apk/res/android"
3    package="com.bookmark.sfa"
4    android:versionCode="1"
5    android:versionName="1.0.0" >
6
7    <uses-sdk
8        android:minSdkVersion="24"
9        android:targetSdkVersion="34" />
10
11    <uses-permission android:name="android.permission.INTERNET" />
11-->src/main/AndroidManifest.xml:4:5-66
11-->src/main/AndroidManifest.xml:4:22-64
12    <uses-permission android:name="android.permission.ACCESS_FINE_LOCATION" />
12-->src/main/AndroidManifest.xml:5:5-78
12-->src/main/AndroidManifest.xml:5:22-76
13    <uses-permission android:name="android.permission.ACCESS_COARSE_LOCATION" />
13-->src/main/AndroidManifest.xml:6:5-80
13-->src/main/AndroidManifest.xml:6:22-78
14    <uses-permission android:name="android.permission.ACCESS_BACKGROUND_LOCATION" />
14-->src/main/AndroidManifest.xml:7:5-84
14-->src/main/AndroidManifest.xml:7:22-82
15    <uses-permission android:name="android.permission.CAMERA" />
15-->src/main/AndroidManifest.xml:8:5-64
15-->src/main/AndroidManifest.xml:8:22-62
16    <uses-permission android:name="android.permission.READ_EXTERNAL_STORAGE" />
16-->src/main/AndroidManifest.xml:9:5-79
16-->src/main/AndroidManifest.xml:9:22-77
17    <uses-permission android:name="android.permission.WRITE_EXTERNAL_STORAGE" />
17-->src/main/AndroidManifest.xml:10:5-80
17-->src/main/AndroidManifest.xml:10:22-78
18    <uses-permission android:name="android.permission.READ_MEDIA_IMAGES" />
18-->src/main/AndroidManifest.xml:11:5-75
18-->src/main/AndroidManifest.xml:11:22-73
19    <uses-permission android:name="android.permission.READ_MEDIA_VIDEO" />
19-->src/main/AndroidManifest.xml:12:5-74
19-->src/main/AndroidManifest.xml:12:22-72
20    <uses-permission android:name="android.permission.FOREGROUND_SERVICE" />
20-->src/main/AndroidManifest.xml:13:5-76
20-->src/main/AndroidManifest.xml:13:22-74
21    <!-- Android 14+ requires explicit foreground service type permission -->
22    <uses-permission android:name="android.permission.FOREGROUND_SERVICE_LOCATION" />
22-->src/main/AndroidManifest.xml:15:5-85
22-->src/main/AndroidManifest.xml:15:22-83
23    <uses-permission android:name="android.permission.RECEIVE_BOOT_COMPLETED" />
23-->src/main/AndroidManifest.xml:16:5-80
23-->src/main/AndroidManifest.xml:16:22-78
24    <uses-permission android:name="android.permission.POST_NOTIFICATIONS" />
24-->src/main/AndroidManifest.xml:17:5-76
24-->src/main/AndroidManifest.xml:17:22-74
25    <!-- Prevents system from killing the service under memory pressure -->
26    <uses-permission android:name="android.permission.REQUEST_IGNORE_BATTERY_OPTIMIZATIONS" />
26-->src/main/AndroidManifest.xml:19:5-94
26-->src/main/AndroidManifest.xml:19:22-92
27
28    <!-- Required for url_launcher to open Google Maps on Android 11+ -->
29    <queries>
29-->src/main/AndroidManifest.xml:22:5-32:15
30        <intent>
30-->src/main/AndroidManifest.xml:23:9-26:18
31            <action android:name="android.intent.action.VIEW" />
31-->src/main/AndroidManifest.xml:24:13-65
31-->src/main/AndroidManifest.xml:24:21-62
32
33            <data android:scheme="https" />
33-->src/main/AndroidManifest.xml:25:13-44
33-->src/main/AndroidManifest.xml:25:19-41
34        </intent>
35        <intent>
35-->src/main/AndroidManifest.xml:27:9-30:18
36            <action android:name="android.intent.action.VIEW" />
36-->src/main/AndroidManifest.xml:24:13-65
36-->src/main/AndroidManifest.xml:24:21-62
37
38            <data android:scheme="geo" />
38-->src/main/AndroidManifest.xml:25:13-44
38-->src/main/AndroidManifest.xml:25:19-41
39        </intent>
40
41        <package android:name="com.google.android.apps.maps" />
41-->src/main/AndroidManifest.xml:31:9-64
41-->src/main/AndroidManifest.xml:31:18-61
42    </queries>
43
44    <uses-permission android:name="android.permission.ACCESS_NETWORK_STATE" />
44-->[:connectivity_plus] AndroidManifest.xml:7:5-79
44-->[:connectivity_plus] AndroidManifest.xml:7:22-76
45    <uses-permission android:name="android.permission.WAKE_LOCK" />
45-->[:firebase_messaging] AndroidManifest.xml:8:5-68
45-->[:firebase_messaging] AndroidManifest.xml:8:22-65
46
47    <uses-feature
47-->[com.google.android.gms:play-services-maps:18.2.0] AndroidManifest.xml:26:5-28:35
48        android:glEsVersion="0x00020000"
48-->[com.google.android.gms:play-services-maps:18.2.0] AndroidManifest.xml:27:9-41
49        android:required="true" /> <!-- Required by older versions of Google Play services to create IID tokens -->
49-->[com.google.android.gms:play-services-maps:18.2.0] AndroidManifest.xml:28:9-32
50    <uses-permission android:name="com.google.android.c2dm.permission.RECEIVE" />
50-->[com.google.firebase:firebase-messaging:23.4.1] AndroidManifest.xml:26:5-82
50-->[com.google.firebase:firebase-messaging:23.4.1] AndroidManifest.xml:26:22-79
51
52    <permission
52-->[androidx.core:core:1.13.1] AndroidManifest.xml:22:5-24:47
53        android:name="com.bookmark.sfa.DYNAMIC_RECEIVER_NOT_EXPORTED_PERMISSION"
53-->[androidx.core:core:1.13.1] AndroidManifest.xml:23:9-81
54        android:protectionLevel="signature" />
54-->[androidx.core:core:1.13.1] AndroidManifest.xml:24:9-44
55
56    <uses-permission android:name="com.bookmark.sfa.DYNAMIC_RECEIVER_NOT_EXPORTED_PERMISSION" />
56-->[androidx.core:core:1.13.1] AndroidManifest.xml:26:5-97
56-->[androidx.core:core:1.13.1] AndroidManifest.xml:26:22-94
57
58    <application
59        android:name="android.app.Application"
59-->src/main/AndroidManifest.xml:36:9-42
60        android:appComponentFactory="androidx.core.app.CoreComponentFactory"
60-->[androidx.core:core:1.13.1] AndroidManifest.xml:28:18-86
61        android:extractNativeLibs="false"
62        android:icon="@mipmap/ic_launcher"
62-->src/main/AndroidManifest.xml:37:9-43
63        android:label="Bookmark SFA"
63-->src/main/AndroidManifest.xml:35:9-37
64        android:usesCleartextTraffic="true" >
64-->src/main/AndroidManifest.xml:38:9-44
65
66        <!-- Flutter v2 Embedding -->
67        <meta-data
67-->src/main/AndroidManifest.xml:41:9-43:33
68            android:name="flutterEmbedding"
68-->src/main/AndroidManifest.xml:42:13-44
69            android:value="2" />
69-->src/main/AndroidManifest.xml:43:13-30
70
71        <activity
71-->src/main/AndroidManifest.xml:45:9-58:20
72            android:name="com.bookmark.sfa.MainActivity"
72-->src/main/AndroidManifest.xml:46:13-41
73            android:exported="true"
73-->src/main/AndroidManifest.xml:47:13-36
74            android:launchMode="singleTop"
74-->src/main/AndroidManifest.xml:48:13-43
75            android:theme="@style/LaunchTheme"
75-->src/main/AndroidManifest.xml:49:13-47
76            android:windowSoftInputMode="adjustResize" >
76-->src/main/AndroidManifest.xml:50:13-55
77            <meta-data
77-->src/main/AndroidManifest.xml:51:13-53:56
78                android:name="io.flutter.embedding.android.NormalTheme"
78-->src/main/AndroidManifest.xml:52:17-72
79                android:resource="@style/NormalTheme" />
79-->src/main/AndroidManifest.xml:53:17-54
80
81            <intent-filter>
81-->src/main/AndroidManifest.xml:54:13-57:29
82                <action android:name="android.intent.action.MAIN" />
82-->src/main/AndroidManifest.xml:55:17-68
82-->src/main/AndroidManifest.xml:55:25-66
83
84                <category android:name="android.intent.category.LAUNCHER" />
84-->src/main/AndroidManifest.xml:56:17-76
84-->src/main/AndroidManifest.xml:56:27-74
85            </intent-filter>
86        </activity>
87
88        <!-- Google Maps SDK -->
89        <meta-data
89-->src/main/AndroidManifest.xml:61:9-63:70
90            android:name="com.google.android.geo.API_KEY"
90-->src/main/AndroidManifest.xml:62:13-58
91            android:value="AIzaSyDvZs-jeZnFTUXoIE4UeXfXDylLMyPu0Gc" />
91-->src/main/AndroidManifest.xml:63:13-68
92
93        <!-- Firebase Cloud Messaging channel -->
94        <meta-data
94-->src/main/AndroidManifest.xml:66:9-68:46
95            android:name="com.google.firebase.messaging.default_notification_channel_id"
95-->src/main/AndroidManifest.xml:67:13-89
96            android:value="bookmark_alerts" />
96-->src/main/AndroidManifest.xml:68:13-44
97
98        <!-- FCM foreground / high-priority channel icon -->
99        <meta-data
99-->src/main/AndroidManifest.xml:71:9-73:53
100            android:name="com.google.firebase.messaging.default_notification_icon"
100-->src/main/AndroidManifest.xml:72:13-83
101            android:resource="@mipmap/ic_launcher" />
101-->src/main/AndroidManifest.xml:73:13-51
102        <meta-data
102-->src/main/AndroidManifest.xml:74:9-76:59
103            android:name="com.google.firebase.messaging.default_notification_color"
103-->src/main/AndroidManifest.xml:75:13-84
104            android:resource="@color/notification_color" />
104-->src/main/AndroidManifest.xml:76:13-57
105
106        <!-- Background GPS Foreground Service -->
107        <service
107-->src/main/AndroidManifest.xml:79:9-84:47
108            android:name="id.flutter.flutter_background_service.BackgroundService"
108-->src/main/AndroidManifest.xml:80:13-83
109            android:enabled="true"
109-->[:flutter_background_service_android] AndroidManifest.xml:14:13-35
110            android:exported="true"
110-->src/main/AndroidManifest.xml:82:13-36
111            android:foregroundServiceType="location"
111-->src/main/AndroidManifest.xml:81:13-53
112            android:stopWithTask="false" />
112-->src/main/AndroidManifest.xml:83:13-41
113
114        <!-- Auto-restart GPS service after phone reboot -->
115        <receiver
115-->src/main/AndroidManifest.xml:87:9-94:20
116            android:name="id.flutter.flutter_background_service.BootReceiver"
116-->src/main/AndroidManifest.xml:88:13-78
117            android:enabled="true"
117-->[:flutter_background_service_android] AndroidManifest.xml:24:13-35
118            android:exported="true" >
118-->src/main/AndroidManifest.xml:89:13-36
119            <intent-filter>
119-->src/main/AndroidManifest.xml:90:13-93:29
120                <action android:name="android.intent.action.BOOT_COMPLETED" />
120-->src/main/AndroidManifest.xml:91:17-78
120-->src/main/AndroidManifest.xml:91:25-76
121                <action android:name="android.intent.action.MY_PACKAGE_REPLACED" />
121-->src/main/AndroidManifest.xml:92:17-83
121-->src/main/AndroidManifest.xml:92:25-81
122            </intent-filter>
123            <intent-filter>
123-->[:flutter_background_service_android] AndroidManifest.xml:26:13-30:29
124                <action android:name="android.intent.action.BOOT_COMPLETED" />
124-->src/main/AndroidManifest.xml:91:17-78
124-->src/main/AndroidManifest.xml:91:25-76
125                <action android:name="android.intent.action.QUICKBOOT_POWERON" />
125-->[:flutter_background_service_android] AndroidManifest.xml:28:17-82
125-->[:flutter_background_service_android] AndroidManifest.xml:28:25-79
126                <action android:name="android.intent.action.MY_PACKAGE_REPLACED" />
126-->src/main/AndroidManifest.xml:92:17-83
126-->src/main/AndroidManifest.xml:92:25-81
127            </intent-filter>
128        </receiver>
129
130        <service
130-->[:firebase_messaging] AndroidManifest.xml:14:9-17:72
131            android:name="io.flutter.plugins.firebase.messaging.FlutterFirebaseMessagingBackgroundService"
131-->[:firebase_messaging] AndroidManifest.xml:15:13-107
132            android:exported="false"
132-->[:firebase_messaging] AndroidManifest.xml:16:13-37
133            android:permission="android.permission.BIND_JOB_SERVICE" />
133-->[:firebase_messaging] AndroidManifest.xml:17:13-69
134        <service
134-->[:firebase_messaging] AndroidManifest.xml:18:9-24:19
135            android:name="io.flutter.plugins.firebase.messaging.FlutterFirebaseMessagingService"
135-->[:firebase_messaging] AndroidManifest.xml:19:13-97
136            android:exported="false" >
136-->[:firebase_messaging] AndroidManifest.xml:20:13-37
137            <intent-filter>
137-->[:firebase_messaging] AndroidManifest.xml:21:13-23:29
138                <action android:name="com.google.firebase.MESSAGING_EVENT" />
138-->[:firebase_messaging] AndroidManifest.xml:22:17-78
138-->[:firebase_messaging] AndroidManifest.xml:22:25-75
139            </intent-filter>
140        </service>
141
142        <receiver
142-->[:firebase_messaging] AndroidManifest.xml:26:9-33:20
143            android:name="io.flutter.plugins.firebase.messaging.FlutterFirebaseMessagingReceiver"
143-->[:firebase_messaging] AndroidManifest.xml:27:13-98
144            android:exported="true"
144-->[:firebase_messaging] AndroidManifest.xml:28:13-36
145            android:permission="com.google.android.c2dm.permission.SEND" >
145-->[:firebase_messaging] AndroidManifest.xml:29:13-73
146            <intent-filter>
146-->[:firebase_messaging] AndroidManifest.xml:30:13-32:29
147                <action android:name="com.google.android.c2dm.intent.RECEIVE" />
147-->[:firebase_messaging] AndroidManifest.xml:31:17-81
147-->[:firebase_messaging] AndroidManifest.xml:31:25-78
148            </intent-filter>
149        </receiver>
150
151        <service
151-->[:firebase_messaging] AndroidManifest.xml:35:9-39:19
152            android:name="com.google.firebase.components.ComponentDiscoveryService"
152-->[:firebase_messaging] AndroidManifest.xml:35:18-89
153            android:directBootAware="true"
153-->[com.google.firebase:firebase-common:20.4.3] AndroidManifest.xml:32:13-43
154            android:exported="false" >
154-->[com.google.firebase:firebase-messaging:23.4.1] AndroidManifest.xml:56:13-37
155            <meta-data
155-->[:firebase_messaging] AndroidManifest.xml:36:13-38:85
156                android:name="com.google.firebase.components:io.flutter.plugins.firebase.messaging.FlutterFirebaseAppRegistrar"
156-->[:firebase_messaging] AndroidManifest.xml:37:17-128
157                android:value="com.google.firebase.components.ComponentRegistrar" />
157-->[:firebase_messaging] AndroidManifest.xml:38:17-82
158            <meta-data
158-->[:firebase_core] AndroidManifest.xml:9:13-11:85
159                android:name="com.google.firebase.components:io.flutter.plugins.firebase.core.FlutterFirebaseCoreRegistrar"
159-->[:firebase_core] AndroidManifest.xml:10:17-124
160                android:value="com.google.firebase.components.ComponentRegistrar" />
160-->[:firebase_core] AndroidManifest.xml:11:17-82
161            <meta-data
161-->[com.google.firebase:firebase-messaging:23.4.1] AndroidManifest.xml:57:13-59:85
162                android:name="com.google.firebase.components:com.google.firebase.messaging.FirebaseMessagingKtxRegistrar"
162-->[com.google.firebase:firebase-messaging:23.4.1] AndroidManifest.xml:58:17-122
163                android:value="com.google.firebase.components.ComponentRegistrar" />
163-->[com.google.firebase:firebase-messaging:23.4.1] AndroidManifest.xml:59:17-82
164            <meta-data
164-->[com.google.firebase:firebase-messaging:23.4.1] AndroidManifest.xml:60:13-62:85
165                android:name="com.google.firebase.components:com.google.firebase.messaging.FirebaseMessagingRegistrar"
165-->[com.google.firebase:firebase-messaging:23.4.1] AndroidManifest.xml:61:17-119
166                android:value="com.google.firebase.components.ComponentRegistrar" />
166-->[com.google.firebase:firebase-messaging:23.4.1] AndroidManifest.xml:62:17-82
167            <meta-data
167-->[com.google.firebase:firebase-installations:17.2.0] AndroidManifest.xml:15:13-17:85
168                android:name="com.google.firebase.components:com.google.firebase.installations.FirebaseInstallationsKtxRegistrar"
168-->[com.google.firebase:firebase-installations:17.2.0] AndroidManifest.xml:16:17-130
169                android:value="com.google.firebase.components.ComponentRegistrar" />
169-->[com.google.firebase:firebase-installations:17.2.0] AndroidManifest.xml:17:17-82
170            <meta-data
170-->[com.google.firebase:firebase-installations:17.2.0] AndroidManifest.xml:18:13-20:85
171                android:name="com.google.firebase.components:com.google.firebase.installations.FirebaseInstallationsRegistrar"
171-->[com.google.firebase:firebase-installations:17.2.0] AndroidManifest.xml:19:17-127
172                android:value="com.google.firebase.components.ComponentRegistrar" />
172-->[com.google.firebase:firebase-installations:17.2.0] AndroidManifest.xml:20:17-82
173            <meta-data
173-->[com.google.firebase:firebase-common-ktx:20.4.3] AndroidManifest.xml:12:13-14:85
174                android:name="com.google.firebase.components:com.google.firebase.ktx.FirebaseCommonLegacyRegistrar"
174-->[com.google.firebase:firebase-common-ktx:20.4.3] AndroidManifest.xml:13:17-116
175                android:value="com.google.firebase.components.ComponentRegistrar" />
175-->[com.google.firebase:firebase-common-ktx:20.4.3] AndroidManifest.xml:14:17-82
176            <meta-data
176-->[com.google.firebase:firebase-common:20.4.3] AndroidManifest.xml:35:13-37:85
177                android:name="com.google.firebase.components:com.google.firebase.FirebaseCommonKtxRegistrar"
177-->[com.google.firebase:firebase-common:20.4.3] AndroidManifest.xml:36:17-109
178                android:value="com.google.firebase.components.ComponentRegistrar" />
178-->[com.google.firebase:firebase-common:20.4.3] AndroidManifest.xml:37:17-82
179            <meta-data
179-->[com.google.firebase:firebase-datatransport:18.1.7] AndroidManifest.xml:27:13-29:85
180                android:name="com.google.firebase.components:com.google.firebase.datatransport.TransportRegistrar"
180-->[com.google.firebase:firebase-datatransport:18.1.7] AndroidManifest.xml:28:17-115
181                android:value="com.google.firebase.components.ComponentRegistrar" />
181-->[com.google.firebase:firebase-datatransport:18.1.7] AndroidManifest.xml:29:17-82
182        </service>
183
184        <provider
184-->[:firebase_messaging] AndroidManifest.xml:41:9-45:38
185            android:name="io.flutter.plugins.firebase.messaging.FlutterFirebaseMessagingInitProvider"
185-->[:firebase_messaging] AndroidManifest.xml:42:13-102
186            android:authorities="com.bookmark.sfa.flutterfirebasemessaginginitprovider"
186-->[:firebase_messaging] AndroidManifest.xml:43:13-88
187            android:exported="false"
187-->[:firebase_messaging] AndroidManifest.xml:44:13-37
188            android:initOrder="99" />
188-->[:firebase_messaging] AndroidManifest.xml:45:13-35
189
190        <receiver
190-->[:flutter_background_service_android] AndroidManifest.xml:18:9-21:39
191            android:name="id.flutter.flutter_background_service.WatchdogReceiver"
191-->[:flutter_background_service_android] AndroidManifest.xml:19:13-82
192            android:enabled="true"
192-->[:flutter_background_service_android] AndroidManifest.xml:20:13-35
193            android:exported="true" />
193-->[:flutter_background_service_android] AndroidManifest.xml:21:13-36
194
195        <provider
195-->[:image_picker_android] AndroidManifest.xml:9:9-17:20
196            android:name="io.flutter.plugins.imagepicker.ImagePickerFileProvider"
196-->[:image_picker_android] AndroidManifest.xml:10:13-82
197            android:authorities="com.bookmark.sfa.flutter.image_provider"
197-->[:image_picker_android] AndroidManifest.xml:11:13-74
198            android:exported="false"
198-->[:image_picker_android] AndroidManifest.xml:12:13-37
199            android:grantUriPermissions="true" >
199-->[:image_picker_android] AndroidManifest.xml:13:13-47
200            <meta-data
200-->[:image_picker_android] AndroidManifest.xml:14:13-16:75
201                android:name="android.support.FILE_PROVIDER_PATHS"
201-->[:image_picker_android] AndroidManifest.xml:15:17-67
202                android:resource="@xml/flutter_image_picker_file_paths" />
202-->[:image_picker_android] AndroidManifest.xml:16:17-72
203        </provider> <!-- Trigger Google Play services to install the backported photo picker module. -->
204        <service
204-->[:image_picker_android] AndroidManifest.xml:19:9-31:19
205            android:name="com.google.android.gms.metadata.ModuleDependencies"
205-->[:image_picker_android] AndroidManifest.xml:20:13-78
206            android:enabled="false"
206-->[:image_picker_android] AndroidManifest.xml:21:13-36
207            android:exported="false" >
207-->[:image_picker_android] AndroidManifest.xml:22:13-37
208            <intent-filter>
208-->[:image_picker_android] AndroidManifest.xml:24:13-26:29
209                <action android:name="com.google.android.gms.metadata.MODULE_DEPENDENCIES" />
209-->[:image_picker_android] AndroidManifest.xml:25:17-94
209-->[:image_picker_android] AndroidManifest.xml:25:25-91
210            </intent-filter>
211
212            <meta-data
212-->[:image_picker_android] AndroidManifest.xml:28:13-30:36
213                android:name="photopicker_activity:0:required"
213-->[:image_picker_android] AndroidManifest.xml:29:17-63
214                android:value="" />
214-->[:image_picker_android] AndroidManifest.xml:30:17-33
215        </service>
216        <service
216-->[:geolocator_android] AndroidManifest.xml:8:9-12:56
217            android:name="com.baseflow.geolocator.GeolocatorLocationService"
217-->[:geolocator_android] AndroidManifest.xml:9:13-77
218            android:enabled="true"
218-->[:geolocator_android] AndroidManifest.xml:10:13-35
219            android:exported="false"
219-->[:geolocator_android] AndroidManifest.xml:11:13-37
220            android:foregroundServiceType="location" />
220-->[:geolocator_android] AndroidManifest.xml:12:13-53
221
222        <provider
222-->[:printing] AndroidManifest.xml:8:9-16:20
223            android:name="net.nfet.flutter.printing.PrintFileProvider"
223-->[:printing] AndroidManifest.xml:9:13-71
224            android:authorities="com.bookmark.sfa.flutter.printing"
224-->[:printing] AndroidManifest.xml:10:13-68
225            android:exported="false"
225-->[:printing] AndroidManifest.xml:11:13-37
226            android:grantUriPermissions="true" >
226-->[:printing] AndroidManifest.xml:12:13-47
227            <meta-data
227-->[:image_picker_android] AndroidManifest.xml:14:13-16:75
228                android:name="android.support.FILE_PROVIDER_PATHS"
228-->[:image_picker_android] AndroidManifest.xml:15:17-67
229                android:resource="@xml/flutter_printing_file_paths" />
229-->[:image_picker_android] AndroidManifest.xml:16:17-72
230        </provider>
231        <!--
232           Declares a provider which allows us to store files to share in
233           '.../caches/share_plus' and grant the receiving action access
234        -->
235        <provider
235-->[:share_plus] AndroidManifest.xml:13:9-21:20
236            android:name="dev.fluttercommunity.plus.share.ShareFileProvider"
236-->[:share_plus] AndroidManifest.xml:14:13-77
237            android:authorities="com.bookmark.sfa.flutter.share_provider"
237-->[:share_plus] AndroidManifest.xml:15:13-74
238            android:exported="false"
238-->[:share_plus] AndroidManifest.xml:16:13-37
239            android:grantUriPermissions="true" >
239-->[:share_plus] AndroidManifest.xml:17:13-47
240            <meta-data
240-->[:image_picker_android] AndroidManifest.xml:14:13-16:75
241                android:name="android.support.FILE_PROVIDER_PATHS"
241-->[:image_picker_android] AndroidManifest.xml:15:17-67
242                android:resource="@xml/flutter_share_file_paths" />
242-->[:image_picker_android] AndroidManifest.xml:16:17-72
243        </provider>
244        <!--
245           This manifest declared broadcast receiver allows us to use an explicit
246           Intent when creating a PendingItent to be informed of the user's choice
247        -->
248        <receiver
248-->[:share_plus] AndroidManifest.xml:26:9-32:20
249            android:name="dev.fluttercommunity.plus.share.SharePlusPendingIntent"
249-->[:share_plus] AndroidManifest.xml:27:13-82
250            android:exported="false" >
250-->[:share_plus] AndroidManifest.xml:28:13-37
251            <intent-filter>
251-->[:share_plus] AndroidManifest.xml:29:13-31:29
252                <action android:name="EXTRA_CHOSEN_COMPONENT" />
252-->[:share_plus] AndroidManifest.xml:30:17-65
252-->[:share_plus] AndroidManifest.xml:30:25-62
253            </intent-filter>
254        </receiver>
255
256        <activity
256-->[:url_launcher_android] AndroidManifest.xml:8:9-11:74
257            android:name="io.flutter.plugins.urllauncher.WebViewActivity"
257-->[:url_launcher_android] AndroidManifest.xml:9:13-74
258            android:exported="false"
258-->[:url_launcher_android] AndroidManifest.xml:10:13-37
259            android:theme="@android:style/Theme.NoTitleBar.Fullscreen" /> <!-- Needs to be explicitly declared on P+ -->
259-->[:url_launcher_android] AndroidManifest.xml:11:13-71
260        <uses-library
260-->[com.google.android.gms:play-services-maps:18.2.0] AndroidManifest.xml:39:9-41:40
261            android:name="org.apache.http.legacy"
261-->[com.google.android.gms:play-services-maps:18.2.0] AndroidManifest.xml:40:13-50
262            android:required="false" />
262-->[com.google.android.gms:play-services-maps:18.2.0] AndroidManifest.xml:41:13-37
263
264        <receiver
264-->[com.google.firebase:firebase-messaging:23.4.1] AndroidManifest.xml:29:9-40:20
265            android:name="com.google.firebase.iid.FirebaseInstanceIdReceiver"
265-->[com.google.firebase:firebase-messaging:23.4.1] AndroidManifest.xml:30:13-78
266            android:exported="true"
266-->[com.google.firebase:firebase-messaging:23.4.1] AndroidManifest.xml:31:13-36
267            android:permission="com.google.android.c2dm.permission.SEND" >
267-->[com.google.firebase:firebase-messaging:23.4.1] AndroidManifest.xml:32:13-73
268            <intent-filter>
268-->[:firebase_messaging] AndroidManifest.xml:30:13-32:29
269                <action android:name="com.google.android.c2dm.intent.RECEIVE" />
269-->[:firebase_messaging] AndroidManifest.xml:31:17-81
269-->[:firebase_messaging] AndroidManifest.xml:31:25-78
270            </intent-filter>
271
272            <meta-data
272-->[com.google.firebase:firebase-messaging:23.4.1] AndroidManifest.xml:37:13-39:40
273                android:name="com.google.android.gms.cloudmessaging.FINISHED_AFTER_HANDLED"
273-->[com.google.firebase:firebase-messaging:23.4.1] AndroidManifest.xml:38:17-92
274                android:value="true" />
274-->[com.google.firebase:firebase-messaging:23.4.1] AndroidManifest.xml:39:17-37
275        </receiver>
276        <!--
277             FirebaseMessagingService performs security checks at runtime,
278             but set to not exported to explicitly avoid allowing another app to call it.
279        -->
280        <service
280-->[com.google.firebase:firebase-messaging:23.4.1] AndroidManifest.xml:46:9-53:19
281            android:name="com.google.firebase.messaging.FirebaseMessagingService"
281-->[com.google.firebase:firebase-messaging:23.4.1] AndroidManifest.xml:47:13-82
282            android:directBootAware="true"
282-->[com.google.firebase:firebase-messaging:23.4.1] AndroidManifest.xml:48:13-43
283            android:exported="false" >
283-->[com.google.firebase:firebase-messaging:23.4.1] AndroidManifest.xml:49:13-37
284            <intent-filter android:priority="-500" >
284-->[:firebase_messaging] AndroidManifest.xml:21:13-23:29
285                <action android:name="com.google.firebase.MESSAGING_EVENT" />
285-->[:firebase_messaging] AndroidManifest.xml:22:17-78
285-->[:firebase_messaging] AndroidManifest.xml:22:25-75
286            </intent-filter>
287        </service>
288
289        <activity
289-->[com.google.android.gms:play-services-base:18.3.0] AndroidManifest.xml:20:9-22:45
290            android:name="com.google.android.gms.common.api.GoogleApiActivity"
290-->[com.google.android.gms:play-services-base:18.3.0] AndroidManifest.xml:20:19-85
291            android:exported="false"
291-->[com.google.android.gms:play-services-base:18.3.0] AndroidManifest.xml:22:19-43
292            android:theme="@android:style/Theme.Translucent.NoTitleBar" />
292-->[com.google.android.gms:play-services-base:18.3.0] AndroidManifest.xml:21:19-78
293
294        <provider
294-->[com.google.firebase:firebase-common:20.4.3] AndroidManifest.xml:23:9-28:39
295            android:name="com.google.firebase.provider.FirebaseInitProvider"
295-->[com.google.firebase:firebase-common:20.4.3] AndroidManifest.xml:24:13-77
296            android:authorities="com.bookmark.sfa.firebaseinitprovider"
296-->[com.google.firebase:firebase-common:20.4.3] AndroidManifest.xml:25:13-72
297            android:directBootAware="true"
297-->[com.google.firebase:firebase-common:20.4.3] AndroidManifest.xml:26:13-43
298            android:exported="false"
298-->[com.google.firebase:firebase-common:20.4.3] AndroidManifest.xml:27:13-37
299            android:initOrder="100" />
299-->[com.google.firebase:firebase-common:20.4.3] AndroidManifest.xml:28:13-36
300
301        <uses-library
301-->[androidx.window:window:1.0.0-beta04] AndroidManifest.xml:25:9-27:40
302            android:name="androidx.window.extensions"
302-->[androidx.window:window:1.0.0-beta04] AndroidManifest.xml:26:13-54
303            android:required="false" />
303-->[androidx.window:window:1.0.0-beta04] AndroidManifest.xml:27:13-37
304        <uses-library
304-->[androidx.window:window:1.0.0-beta04] AndroidManifest.xml:28:9-30:40
305            android:name="androidx.window.sidecar"
305-->[androidx.window:window:1.0.0-beta04] AndroidManifest.xml:29:13-51
306            android:required="false" />
306-->[androidx.window:window:1.0.0-beta04] AndroidManifest.xml:30:13-37
307
308        <meta-data
308-->[com.google.android.gms:play-services-basement:18.3.0] AndroidManifest.xml:21:9-23:69
309            android:name="com.google.android.gms.version"